2019-09-18 16:25:43,464 +0100 [main] INFO  (LogInterceptor.java:52) - 
REQUEST path=[/api/user/create] method=[POST] headers=[{Accept=application/json, Content-Type=application/json;charset=UTF-8}] body=[com.example.demo.model.requests.CreateUserRequest@3a12f3e7]
RESPONSE path=[/api/user/create] method=[POST] status=[ 200 ] responseBody=[com.example.demo.model.persistence.AppUser@7509226c] 
RESPONSETIME: 157

2019-09-18 16:25:43,791 +0100 [main] INFO  (LogInterceptor.java:52) - 
REQUEST path=[/api/cart/addToCart] method=[POST] headers=[{Authorization=Bearer eyJhbGciOiJIUzUxMiJ9.eyJzdWIiOiJtZXJ0IiwiZXhwIjoxNTY5Njg0MzQzfQ.d5lBgpBuOsa3-3BYmLoEqO-JCPHkUWYF1eMMuxMtkYTs71EaNHkYhcgwHnd2oOAu9j4xbQA9zSTJvM07llCP_Q, Accept=application/json, Content-Type=application/json;charset=UTF-8}] body=[com.example.demo.model.requests.ModifyCartRequest@5a31abe9]
RESPONSE path=[/api/cart/addToCart] method=[POST] status=[ 200 ] responseBody=[com.example.demo.model.persistence.Cart@3ffa0f38] 
RESPONSETIME: 29

2019-09-18 16:25:43,799 +0100 [main] INFO  (LogInterceptor.java:52) - 
null
RESPONSE path=[/api/order/submit/Tarun4] method=[POST] status=[ 404 ] 
RESPONSETIME: 4

2019-09-18 16:25:43,803 +0100 [main] INFO  (LogInterceptor.java:52) - 
null
RESPONSE path=[/api/order/submit/testValue] method=[POST] status=[ 404 ] 
RESPONSETIME: 1

2019-09-18 16:25:43,810 +0100 [main] INFO  (LogInterceptor.java:52) - 
REQUEST path=[/api/order/history/Tarun4] method=[GET] headers=[{Authorization=Bearer eyJhbGciOiJIUzUxMiJ9.eyJzdWIiOiJtZXJ0IiwiZXhwIjoxNTY5Njg0MzQzfQ.d5lBgpBuOsa3-3BYmLoEqO-JCPHkUWYF1eMMuxMtkYTs71EaNHkYhcgwHnd2oOAu9j4xbQA9zSTJvM07llCP_Q, Accept=application/json}] 
RESPONSE path=[/api/order/history/Tarun4] method=[GET] status=[ 404 ] 
RESPONSETIME: 1

2019-09-18 16:25:43,814 +0100 [main] INFO  (LogInterceptor.java:52) - 
REQUEST path=[/api/order/history/testValue] method=[GET] headers=[{Authorization=Bearer eyJhbGciOiJIUzUxMiJ9.eyJzdWIiOiJtZXJ0IiwiZXhwIjoxNTY5Njg0MzQzfQ.d5lBgpBuOsa3-3BYmLoEqO-JCPHkUWYF1eMMuxMtkYTs71EaNHkYhcgwHnd2oOAu9j4xbQA9zSTJvM07llCP_Q, Accept=application/json}] 
RESPONSE path=[/api/order/history/testValue] method=[GET] status=[ 404 ] 
RESPONSETIME: 1

